\BOOKMARK [0][-]{chapter.1}{\376\377\000F\000C\000I\000Q\000M\000C\000\040\000H\000E\000A\000D\000\040\000P\000A\000G\000E}{}% 1
\BOOKMARK [1][-]{section.1.1}{\376\377\000I\000n\000t\000r\000o\000d\000u\000c\000t\000i\000o\000n}{chapter.1}% 2
\BOOKMARK [0][-]{chapter.2}{\376\377\000F\000C\000I\000Q\000M\000C\000\137\000U\000E\000G}{}% 3
\BOOKMARK [0][-]{chapter.3}{\376\377\000F\000i\000l\000e\000\040\000I\000n\000d\000e\000x}{}% 4
\BOOKMARK [1][-]{section.3.1}{\376\377\000F\000i\000l\000e\000\040\000L\000i\000s\000t}{chapter.3}% 5
\BOOKMARK [0][-]{chapter.4}{\376\377\000F\000i\000l\000e\000\040\000D\000o\000c\000u\000m\000e\000n\000t\000a\000t\000i\000o\000n}{}% 6
\BOOKMARK [1][-]{section.4.1}{\376\377\000b\000i\000n\000a\000r\000y\000M\000a\000n\000i\000p\000.\000C\000\040\000F\000i\000l\000e\000\040\000R\000e\000f\000e\000r\000e\000n\000c\000e}{chapter.4}% 7
\BOOKMARK [2][-]{subsection.4.1.1}{\376\377\000F\000u\000n\000c\000t\000i\000o\000n\000\040\000D\000o\000c\000u\000m\000e\000n\000t\000a\000t\000i\000o\000n}{section.4.1}% 8
\BOOKMARK [3][-]{subsubsection.4.1.1.1}{\376\377\000b\000i\000n\000a\000r\000y\000T\000o\000D\000e\000c\000i\000m\000a\000l}{subsection.4.1.1}% 9
\BOOKMARK [3][-]{subsubsection.4.1.1.2}{\376\377\000b\000i\000n\000o\000m\000i\000a\000l\000n\000C\000r}{subsection.4.1.1}% 10
\BOOKMARK [3][-]{subsubsection.4.1.1.3}{\376\377\000d\000e\000c\000i\000m\000a\000l\000T\000o\000B\000i\000n\000a\000r\000y}{subsection.4.1.1}% 11
\BOOKMARK [3][-]{subsubsection.4.1.1.4}{\376\377\000g\000e\000t\000P\000o\000s\000i\000t\000i\000o\000n\000I\000n\000L\000i\000s\000t}{subsection.4.1.1}% 12
\BOOKMARK [3][-]{subsubsection.4.1.1.5}{\376\377\000o\000n\000e\000B\000i\000t\000C\000o\000u\000n\000t}{subsection.4.1.1}% 13
\BOOKMARK [1][-]{section.4.2}{\376\377\000p\000l\000a\000n\000e\000W\000a\000v\000e\000s\000.\000C\000\040\000F\000i\000l\000e\000\040\000R\000e\000f\000e\000r\000e\000n\000c\000e}{chapter.4}% 14
\BOOKMARK [2][-]{subsection.4.2.1}{\376\377\000F\000u\000n\000c\000t\000i\000o\000n\000\040\000D\000o\000c\000u\000m\000e\000n\000t\000a\000t\000i\000o\000n}{section.4.2}% 15
\BOOKMARK [3][-]{subsubsection.4.2.1.1}{\376\377\000c\000r\000e\000a\000t\000e\000P\000l\000a\000n\000e\000W\000a\000v\000e\000O\000r\000b\000i\000t\000a\000l\000s}{subsection.4.2.1}% 16
\BOOKMARK [3][-]{subsubsection.4.2.1.2}{\376\377\000g\000e\000t\000C\000e\000l\000l\000L\000e\000n\000g\000t\000h}{subsection.4.2.1}% 17
\BOOKMARK [3][-]{subsubsection.4.2.1.3}{\376\377\000k\000P\000o\000i\000n\000t\000s\000E\000n\000e\000r\000g\000y\000S\000o\000r\000t}{subsection.4.2.1}% 18
\BOOKMARK [3][-]{subsubsection.4.2.1.4}{\376\377\000P\000R\000I\000N\000T\000O\000R\000B\000I\000T\000A\000L\000S}{subsection.4.2.1}% 19
\BOOKMARK [1][-]{section.4.3}{\376\377\000R\000E\000A\000D\000M\000E\000.\000m\000d\000\040\000F\000i\000l\000e\000\040\000R\000e\000f\000e\000r\000e\000n\000c\000e}{chapter.4}% 20
\BOOKMARK [1][-]{section.4.4}{\376\377\000U\000E\000G\000\137\000M\000A\000I\000N\000\137\000b\000i\000n\000a\000r\000y\000t\000e\000s\000t\000.\000C\000\040\000F\000i\000l\000e\000\040\000R\000e\000f\000e\000r\000e\000n\000c\000e}{chapter.4}% 21
\BOOKMARK [2][-]{subsection.4.4.1}{\376\377\000F\000u\000n\000c\000t\000i\000o\000n\000\040\000D\000o\000c\000u\000m\000e\000n\000t\000a\000t\000i\000o\000n}{section.4.4}% 22
\BOOKMARK [3][-]{subsubsection.4.4.1.1}{\376\377\000A\000N\000N\000I\000H\000I\000L\000A\000T\000I\000O\000N}{subsection.4.4.1}% 23
\BOOKMARK [3][-]{subsubsection.4.4.1.2}{\376\377\000D\000E\000A\000T\000H\000\137\000C\000L\000O\000N\000E}{subsection.4.4.1}% 24
\BOOKMARK [3][-]{subsubsection.4.4.1.3}{\376\377\000I\000N\000L\000g\000e\000t\000P\000o\000s\000i\000t\000i\000o\000n\000I\000n\000L\000i\000s\000t}{subsection.4.4.1}% 25
\BOOKMARK [3][-]{subsubsection.4.4.1.4}{\376\377\000I\000N\000L\000p\000o\000w\0002}{subsection.4.4.1}% 26
\BOOKMARK [3][-]{subsubsection.4.4.1.5}{\376\377\000m\000a\000i\000n}{subsection.4.4.1}% 27
\BOOKMARK [3][-]{subsubsection.4.4.1.6}{\376\377\000p\000r\000o\000j\000e\000c\000t\000o\000r\000E\000n\000e\000r\000g\000y}{subsection.4.4.1}% 28
\BOOKMARK [3][-]{subsubsection.4.4.1.7}{\376\377\000S\000P\000A\000W\000N}{subsection.4.4.1}% 29
\BOOKMARK [3][-]{subsubsection.4.4.1.8}{\376\377\000t\000o\000t\000a\000l\000W\000a\000l\000k\000e\000r\000N\000u\000m\000b\000e\000r}{subsection.4.4.1}% 30
\BOOKMARK [3][-]{subsubsection.4.4.1.9}{\376\377\000v\000a\000r\000i\000a\000b\000l\000e\000S\000h\000i\000f\000t}{subsection.4.4.1}% 31
\BOOKMARK [2][-]{subsection.4.4.2}{\376\377\000V\000a\000r\000i\000a\000b\000l\000e\000\040\000D\000o\000c\000u\000m\000e\000n\000t\000a\000t\000i\000o\000n}{section.4.4}% 32
\BOOKMARK [3][-]{subsubsection.4.4.2.1}{\376\377\000A\000S\000h\000i\000f\000t}{subsection.4.4.2}% 33
\BOOKMARK [3][-]{subsubsection.4.4.2.2}{\376\377\000d\000e\000l\000t}{subsection.4.4.2}% 34
\BOOKMARK [3][-]{subsubsection.4.4.2.3}{\376\377\000i\000n\000i\000t\000R\000e\000f\000W\000a\000l\000k\000e\000r\000s}{subsection.4.4.2}% 35
\BOOKMARK [3][-]{subsubsection.4.4.2.4}{\376\377\000I\000N\000T\000e\000l\000e\000c\000t\000r\000o\000n\000s}{subsection.4.4.2}% 36
\BOOKMARK [3][-]{subsubsection.4.4.2.5}{\376\377\000K\000c\000\137\000C\000U\000T\000T\000O\000F\000F}{subsection.4.4.2}% 37
\BOOKMARK [3][-]{subsubsection.4.4.2.6}{\376\377\000n\000u\000m\000E\000l\000e\000c\000t\000r\000o\000n\000s}{subsection.4.4.2}% 38
\BOOKMARK [3][-]{subsubsection.4.4.2.7}{\376\377\000n\000u\000m\000S\000t\000e\000p\000s}{subsection.4.4.2}% 39
\BOOKMARK [3][-]{subsubsection.4.4.2.8}{\376\377\000P\000I}{subsection.4.4.2}% 40
\BOOKMARK [3][-]{subsubsection.4.4.2.9}{\376\377\000p\000o\000w\0002\000A\000r\000r\000a\000y}{subsection.4.4.2}% 41
\BOOKMARK [3][-]{subsubsection.4.4.2.10}{\376\377\000r\000s}{subsection.4.4.2}% 42
\BOOKMARK [3][-]{subsubsection.4.4.2.11}{\376\377\000w\000a\000l\000k\000e\000r\000C\000r\000i\000t\000i\000c\000a\000l}{subsection.4.4.2}% 43
\BOOKMARK [3][-]{subsubsection.4.4.2.12}{\376\377\000z\000e\000t\000a}{subsection.4.4.2}% 44
\BOOKMARK [1][-]{section.4.5}{\376\377\000U\000E\000G\000H\000a\000m\000i\000l\000t\000o\000n\000i\000a\000n\000.\000C\000\040\000F\000i\000l\000e\000\040\000R\000e\000f\000e\000r\000e\000n\000c\000e}{chapter.4}% 45
\BOOKMARK [2][-]{subsection.4.5.1}{\376\377\000F\000u\000n\000c\000t\000i\000o\000n\000\040\000D\000o\000c\000u\000m\000e\000n\000t\000a\000t\000i\000o\000n}{section.4.5}% 46
\BOOKMARK [3][-]{subsubsection.4.5.1.1}{\376\377\000D\000i\000\137\000H\000\137\000D\000i}{subsection.4.5.1}% 47
\BOOKMARK [3][-]{subsubsection.4.5.1.2}{\376\377\000D\000i\000\137\000H\000\137\000D\000j}{subsection.4.5.1}% 48
\BOOKMARK [3][-]{subsubsection.4.5.1.3}{\376\377\000e\000x\000c\000i\000t\000a\000t\000i\000o\000n\000A\000l\000p\000h\000a\000\137\000i\000a\000B\000e\000t\000a\000\137\000j\000b}{subsection.4.5.1}% 49
\BOOKMARK [3][-]{subsubsection.4.5.1.4}{\376\377\000e\000x\000c\000i\000t\000a\000t\000i\000o\000n\000S\000a\000m\000e\000S\000p\000i\000n\000i\000j\000\137\000a\000b}{subsection.4.5.1}% 50
\BOOKMARK [3][-]{subsubsection.4.5.1.5}{\376\377\000I\000N\000L\000d\000e\000c\000i\000m\000a\000l\000T\000o\000B\000i\000n\000a\000r\000y}{subsection.4.5.1}% 51
